<?xml version="1.0" encoding="UTF-8"?>
<robot generator="Robot 7.4.1 (Python 3.13.12 on win32)" generated="2026-02-11T09:38:40.535435" rpa="false" schemaversion="5">
<suite id="s1" name="Mini Projet" source="C:\dev\robot_framework\mini_projet">
<suite id="s1-s1" name="Tests" source="C:\dev\robot_framework\mini_projet\tests">
<suite id="s1-s1-s1" name="Checkout Test" source="C:\dev\robot_framework\mini_projet\tests\checkout_test.robot">
<test id="s1-s1-s1-t1" name="Finalisation de commande avec succès" line="13">
<kw name="Open Application" owner="resources" type="SETUP">
<kw name="Open Browser" owner="SeleniumLibrary">
<msg time="2026-02-11T09:38:40.924604" level="INFO">Opening browser 'chrome' to base url 'https://www.saucedemo.com/'.</msg>
<arg>${URL}</arg>
<arg>${BROWSER}</arg>
<arg>options=add_argument("--incognito")</arg>
<doc>Opens a new browser instance to the optional ``url``.</doc>
<status status="PASS" start="2026-02-11T09:38:40.924228" elapsed="1.506866"/>
</kw>
<status status="PASS" start="2026-02-11T09:38:40.923268" elapsed="1.508016"/>
</kw>
<kw name="Login avec identifiants" owner="login_page">
<kw name="Input Text" owner="SeleniumLibrary">
<msg time="2026-02-11T09:38:42.433466" level="INFO">Typing text 'standard_user' into text field 'id:user-name'.</msg>
<arg>${USERNAME_INPUT}</arg>
<arg>${username}</arg>
<doc>Types the given ``text`` into the text field identified by ``locator``.</doc>
<status status="PASS" start="2026-02-11T09:38:42.432191" elapsed="0.078991"/>
</kw>
<kw name="Input Text" owner="SeleniumLibrary">
<msg time="2026-02-11T09:38:42.511858" level="INFO">Typing text 'secret_sauce' into text field 'id:password'.</msg>
<arg>${PASSWORD_INPUT}</arg>
<arg>${password}</arg>
<doc>Types the given ``text`` into the text field identified by ``locator``.</doc>
<status status="PASS" start="2026-02-11T09:38:42.511450" elapsed="0.061987"/>
</kw>
<kw name="Click Button" owner="SeleniumLibrary">
<msg time="2026-02-11T09:38:42.574013" level="INFO">Clicking button 'id:login-button'.</msg>
<arg>${LOGIN_BUTTON}</arg>
<doc>Clicks the button identified by ``locator``.</doc>
<status status="PASS" start="2026-02-11T09:38:42.573639" elapsed="0.072314"/>
</kw>
<arg>${VALID_USERNAME}</arg>
<arg>${VALID_PASSWORD}</arg>
<status status="PASS" start="2026-02-11T09:38:42.431766" elapsed="0.214390"/>
</kw>
<kw name="Add Product To Cart" owner="product_page">
<kw name="Click Button" owner="SeleniumLibrary">
<msg time="2026-02-11T09:38:42.647151" level="INFO">Clicking button 'id:add-to-cart-sauce-labs-backpack'.</msg>
<arg>${ADD_TO_CART_BTN}</arg>
<doc>Clicks the button identified by ``locator``.</doc>
<status status="PASS" start="2026-02-11T09:38:42.646906" elapsed="0.058894"/>
</kw>
<status status="PASS" start="2026-02-11T09:38:42.646557" elapsed="0.059440"/>
</kw>
<kw name="Go To Cart" owner="product_page">
<kw name="Click Element" owner="SeleniumLibrary">
<msg time="2026-02-11T09:38:42.706967" level="INFO">Clicking element 'class:shopping_cart_link'.</msg>
<arg>${CART_ICON}</arg>
<doc>Click the element identified by ``locator``.</doc>
<status status="PASS" start="2026-02-11T09:38:42.706726" elapsed="0.046026"/>
</kw>
<status status="PASS" start="2026-02-11T09:38:42.706402" elapsed="0.046664"/>
</kw>
<kw name="Page Should Contain" owner="SeleniumLibrary">
<msg time="2026-02-11T09:38:42.764340" level="INFO">Current page contains text 'Sauce Labs Backpack'.</msg>
<arg>Sauce Labs Backpack</arg>
<doc>Verifies that current page contains ``text``.</doc>
<status status="PASS" start="2026-02-11T09:38:42.753443" elapsed="0.011148"/>
</kw>
<kw name="Go To Checkout" owner="panier_page">
<kw name="Page Should Contain Button" owner="SeleniumLibrary">
<msg time="2026-02-11T09:38:42.789912" level="INFO">Current page contains button 'id:checkout'.</msg>
<arg>${CHECKOUT_BTN}</arg>
<doc>Verifies button ``locator`` is found from current page.</doc>
<status status="PASS" start="2026-02-11T09:38:42.765553" elapsed="0.024592"/>
</kw>
<kw name="Click Button" owner="SeleniumLibrary">
<msg time="2026-02-11T09:38:42.790848" level="INFO">Clicking button 'id:checkout'.</msg>
<arg>${CHECKOUT_BTN}</arg>
<doc>Clicks the button identified by ``locator``.</doc>
<status status="PASS" start="2026-02-11T09:38:42.790363" elapsed="0.049080"/>
</kw>
<status status="PASS" start="2026-02-11T09:38:42.765050" elapsed="0.074542"/>
</kw>
<kw name="Fill Checkout Form" owner="checkout_page">
<kw name="Input Text" owner="SeleniumLibrary">
<msg time="2026-02-11T09:38:42.840613" level="INFO">Typing text 'Tony' into text field 'id:first-name'.</msg>
<arg>${CHECKOUT_FIRSTNAME_INPUT}</arg>
<arg>${firstname}</arg>
<doc>Types the given ``text`` into the text field identified by ``locator``.</doc>
<status status="PASS" start="2026-02-11T09:38:42.840351" elapsed="0.058724"/>
</kw>
<kw name="Input Text" owner="SeleniumLibrary">
<msg time="2026-02-11T09:38:42.899655" level="INFO">Typing text 'Abemonty' into text field 'id:last-name'.</msg>
<arg>${CHECKOUT_LAST_NAME_INPUT}</arg>
<arg>${lastname}</arg>
<doc>Types the given ``text`` into the text field identified by ``locator``.</doc>
<status status="PASS" start="2026-02-11T09:38:42.899298" elapsed="0.059268"/>
</kw>
<kw name="Input Text" owner="SeleniumLibrary">
<msg time="2026-02-11T09:38:42.959396" level="INFO">Typing text '75000' into text field 'id:postal-code'.</msg>
<arg>${CHECKOUT_ZIP_CODE_INPUT}</arg>
<arg>${zipcode}</arg>
<doc>Types the given ``text`` into the text field identified by ``locator``.</doc>
<status status="PASS" start="2026-02-11T09:38:42.958815" elapsed="0.052468"/>
</kw>
<kw name="Click Button" owner="SeleniumLibrary">
<msg time="2026-02-11T09:38:43.011831" level="INFO">Clicking button 'id:continue'.</msg>
<arg>${CONTINUE}</arg>
<doc>Clicks the button identified by ``locator``.</doc>
<status status="PASS" start="2026-02-11T09:38:43.011489" elapsed="0.047653"/>
</kw>
<arg>${FIRST_NAME_FILL}</arg>
<arg>${LAST_NAME_FILL}</arg>
<arg>${ZIP_CODE_FILL}</arg>
<status status="PASS" start="2026-02-11T09:38:42.839910" elapsed="0.219390"/>
</kw>
<kw name="Finish Checkout" owner="checkout_page">
<kw name="Click Button" owner="SeleniumLibrary">
<msg time="2026-02-11T09:38:43.060178" level="INFO">Clicking button 'id:finish'.</msg>
<arg>${FINISH}</arg>
<doc>Clicks the button identified by ``locator``.</doc>
<status status="PASS" start="2026-02-11T09:38:43.059924" elapsed="0.050839"/>
</kw>
<kw name="Page Should Contain Element" owner="SeleniumLibrary">
<msg time="2026-02-11T09:38:43.118890" level="INFO">Current page contains element 'class:complete-header'.</msg>
<arg>${CONFIRM_MSG}</arg>
<doc>Verifies that element ``locator`` is found on the current page.</doc>
<status status="PASS" start="2026-02-11T09:38:43.111054" elapsed="0.008095"/>
</kw>
<kw name="Click Button" owner="SeleniumLibrary">
<msg time="2026-02-11T09:38:43.119856" level="INFO">Clicking button 'id:back-to-products'.</msg>
<arg>${BACK_TO_PRODUCTS}</arg>
<doc>Clicks the button identified by ``locator``.</doc>
<status status="PASS" start="2026-02-11T09:38:43.119376" elapsed="0.050222"/>
</kw>
<kw name="Wait Until Page Contains" owner="SeleniumLibrary">
<arg>Products</arg>
<doc>Waits until ``text`` appears on the current page.</doc>
<status status="PASS" start="2026-02-11T09:38:43.169815" elapsed="0.006763"/>
</kw>
<status status="PASS" start="2026-02-11T09:38:43.059574" elapsed="0.117151"/>
</kw>
<kw name="Page Should Contain" owner="SeleniumLibrary">
<msg time="2026-02-11T09:38:43.182998" level="INFO">Current page contains text 'Products'.</msg>
<arg>Products</arg>
<doc>Verifies that current page contains ``text``.</doc>
<status status="PASS" start="2026-02-11T09:38:43.176982" elapsed="0.006295"/>
</kw>
<kw name="Close Application" owner="resources" type="TEARDOWN">
<kw name="Close Browser" owner="SeleniumLibrary">
<doc>Closes the current browser.</doc>
<status status="PASS" start="2026-02-11T09:38:43.184610" elapsed="2.097208"/>
</kw>
<status status="PASS" start="2026-02-11T09:38:43.184081" elapsed="2.097965"/>
</kw>
<tag>POEI2-1051</tag>
<status status="PASS" start="2026-02-11T09:38:40.920365" elapsed="4.361881"/>
</test>
<status status="PASS" start="2026-02-11T09:38:40.577839" elapsed="4.711011"/>
</suite>
<status status="PASS" start="2026-02-11T09:38:40.575071" elapsed="4.718555"/>
</suite>
<status status="PASS" start="2026-02-11T09:38:40.540677" elapsed="4.757511"/>
</suite>
<statistics>
<total>
<stat pass="1" fail="0" skip="0">All Tests</stat>
</total>
<tag>
<stat pass="1" fail="0" skip="0">POEI2-1051</stat>
</tag>
<suite>
<stat name="Mini Projet" id="s1" pass="1" fail="0" skip="0">Mini Projet</stat>
<stat name="Tests" id="s1-s1" pass="1" fail="0" skip="0">Mini Projet.Tests</stat>
<stat name="Checkout Test" id="s1-s1-s1" pass="1" fail="0" skip="0">Mini Projet.Tests.Checkout Test</stat>
</suite>
</statistics>
<errors>
<msg time="2026-02-11T09:38:40.855627" level="WARN">Error in file 'C:\dev\robot_framework\mini_projet\pages\product_page.robot' on line 2: Suite 'Mini Projet.Tests.Checkout Test' has already imported library 'SeleniumLibrary' with different arguments. This import is ignored.</msg>
<msg time="2026-02-11T09:38:40.870931" level="WARN">Error in file 'C:\dev\robot_framework\mini_projet\pages\panier_page.robot' on line 2: Suite 'Mini Projet.Tests.Checkout Test' has already imported library 'SeleniumLibrary' with different arguments. This import is ignored.</msg>
<msg time="2026-02-11T09:38:40.892725" level="WARN">Error in file 'C:\dev\robot_framework\mini_projet\pages\login_page.robot' on line 2: Suite 'Mini Projet.Tests.Checkout Test' has already imported library 'SeleniumLibrary' with different arguments. This import is ignored.</msg>
<msg time="2026-02-11T09:38:40.912750" level="WARN">Error in file 'C:\dev\robot_framework\mini_projet\pages\checkout_page.robot' on line 2: Suite 'Mini Projet.Tests.Checkout Test' has already imported library 'SeleniumLibrary' with different arguments. This import is ignored.</msg>
</errors>
</robot>
